{"C:\\Users\\Renato\\Desktop\\node-project\\src\\router.ts": {"path":"C:\\Users\\Renato\\Desktop\\node-project\\src\\router.ts","statementMap":{"0":{"start":{"line":1,"column":0},"end":{"line":1,"column":33}},"1":{"start":{"line":2,"column":0},"end":{"line":2,"column":48}},"2":{"start":{"line":3,"column":0},"end":{"line":3,"column":null}},"3":{"start":{"line":11,"column":0},"end":{"line":11,"column":49}},"4":{"start":{"line":13,"column":15},"end":{"line":13,"column":23}},"5":{"start":{"line":16,"column":0},"end":{"line":16,"column":28}},"6":{"start":{"line":19,"column":0},"end":{"line":27,"column":2}},"7":{"start":{"line":30,"column":0},"end":{"line":49,"column":2}},"8":{"start":{"line":42,"column":23},"end":{"line":42,"column":32}},"9":{"start":{"line":51,"column":0},"end":{"line":73,"column":2}},"10":{"start":{"line":63,"column":23},"end":{"line":63,"column":32}},"11":{"start":{"line":75,"column":0},"end":{"line":80,"column":2}},"12":{"start":{"line":83,"column":0},"end":{"line":87,"column":null}},"13":{"start":{"line":88,"column":0},"end":{"line":88,"column":22}}},"fnMap":{"0":{"name":"(anonymous_0)","decl":{"start":{"line":42,"column":12},"end":{"line":42,"column":13}},"loc":{"start":{"line":42,"column":23},"end":{"line":42,"column":32}}},"1":{"name":"(anonymous_1)","decl":{"start":{"line":63,"column":12},"end":{"line":63,"column":13}},"loc":{"start":{"line":63,"column":23},"end":{"line":63,"column":32}}}},"branchMap":{},"s":{"0":2,"1":2,"2":2,"3":2,"4":2,"5":2,"6":2,"7":2,"8":4,"9":2,"10":5,"11":2,"12":2,"13":2},"f":{"0":4,"1":5},"b":{}}
,"C:\\Users\\Renato\\Desktop\\node-project\\src\\server.ts": {"path":"C:\\Users\\Renato\\Desktop\\node-project\\src\\server.ts","statementMap":{"0":{"start":{"line":7,"column":0},"end":{"line":7,"column":7}},"1":{"start":{"line":1,"column":0},"end":{"line":1,"column":30}},"2":{"start":{"line":2,"column":0},"end":{"line":2,"column":27}},"3":{"start":{"line":3,"column":0},"end":{"line":3,"column":30}},"4":{"start":{"line":4,"column":0},"end":{"line":4,"column":29}},"5":{"start":{"line":8,"column":2},"end":{"line":15,"column":3}},"6":{"start":{"line":9,"column":4},"end":{"line":9,"column":28}},"7":{"start":{"line":10,"column":4},"end":{"line":10,"column":14}},"8":{"start":{"line":14,"column":4},"end":{"line":14,"column":89}},"9":{"start":{"line":18,"column":0},"end":{"line":18,"column":12}},"10":{"start":{"line":21,"column":15},"end":{"line":21,"column":24}},"11":{"start":{"line":24,"column":0},"end":{"line":24,"column":null}},"12":{"start":{"line":26,"column":0},"end":{"line":26,"column":36}},"13":{"start":{"line":28,"column":0},"end":{"line":30,"column":null}},"14":{"start":{"line":29,"column":2},"end":{"line":29,"column":null}},"15":{"start":{"line":32,"column":0},"end":{"line":32,"column":22}}},"fnMap":{"0":{"name":"connectDB","decl":{"start":{"line":7,"column":22},"end":{"line":7,"column":31}},"loc":{"start":{"line":7,"column":31},"end":{"line":16,"column":1}}},"1":{"name":"(anonymous_2)","decl":{"start":{"line":28,"column":19},"end":{"line":28,"column":20}},"loc":{"start":{"line":28,"column":32},"end":{"line":30,"column":1}}}},"branchMap":{},"s":{"0":2,"1":2,"2":2,"3":2,"4":2,"5":3,"6":3,"7":2,"8":1,"9":2,"10":2,"11":2,"12":2,"13":2,"14":1,"15":2},"f":{"0":3,"1":1},"b":{}}
,"C:\\Users\\Renato\\Desktop\\node-project\\src\\config\\db.ts": {"path":"C:\\Users\\Renato\\Desktop\\node-project\\src\\config\\db.ts","statementMap":{"0":{"start":{"line":1,"column":0},"end":{"line":1,"column":49}},"1":{"start":{"line":2,"column":0},"end":{"line":2,"column":28}},"2":{"start":{"line":5,"column":0},"end":{"line":5,"column":16}},"3":{"start":{"line":8,"column":11},"end":{"line":12,"column":2}},"4":{"start":{"line":15,"column":0},"end":{"line":15,"column":18}}},"fnMap":{},"branchMap":{},"s":{"0":2,"1":2,"2":2,"3":2,"4":2},"f":{},"b":{}}
,"C:\\Users\\Renato\\Desktop\\node-project\\src\\handlers\\product.ts": {"path":"C:\\Users\\Renato\\Desktop\\node-project\\src\\handlers\\product.ts","statementMap":{"0":{"start":{"line":3,"column":0},"end":{"line":3,"column":46}},"1":{"start":{"line":7,"column":26},"end":{"line":23,"column":1}},"2":{"start":{"line":18,"column":19},"end":{"line":21,"column":6}},"3":{"start":{"line":22,"column":4},"end":{"line":22,"column":null}},"4":{"start":{"line":7,"column":13},"end":{"line":7,"column":26}},"5":{"start":{"line":26,"column":30},"end":{"line":56,"column":1}},"6":{"start":{"line":44,"column":18},"end":{"line":44,"column":28}},"7":{"start":{"line":45,"column":20},"end":{"line":45,"column":46}},"8":{"start":{"line":47,"column":4},"end":{"line":53,"column":5}},"9":{"start":{"line":48,"column":6},"end":{"line":50,"column":null}},"10":{"start":{"line":52,"column":6},"end":{"line":52,"column":13}},"11":{"start":{"line":55,"column":4},"end":{"line":55,"column":null}},"12":{"start":{"line":26,"column":13},"end":{"line":26,"column":30}},"13":{"start":{"line":59,"column":29},"end":{"line":75,"column":1}},"14":{"start":{"line":71,"column":18},"end":{"line":71,"column":48}},"15":{"start":{"line":73,"column":2},"end":{"line":73,"column":42}},"16":{"start":{"line":59,"column":13},"end":{"line":59,"column":29}},"17":{"start":{"line":79,"column":29},"end":{"line":97,"column":1}},"18":{"start":{"line":81,"column":17},"end":{"line":81,"column":27}},"19":{"start":{"line":82,"column":18},"end":{"line":82,"column":44}},"20":{"start":{"line":84,"column":2},"end":{"line":90,"column":3}},"21":{"start":{"line":85,"column":4},"end":{"line":87,"column":null}},"22":{"start":{"line":89,"column":4},"end":{"line":89,"column":10}},"23":{"start":{"line":93,"column":2},"end":{"line":93,"column":33}},"24":{"start":{"line":94,"column":2},"end":{"line":94,"column":23}},"25":{"start":{"line":96,"column":2},"end":{"line":96,"column":null}},"26":{"start":{"line":79,"column":13},"end":{"line":79,"column":29}},"27":{"start":{"line":100,"column":34},"end":{"line":118,"column":1}},"28":{"start":{"line":102,"column":17},"end":{"line":102,"column":27}},"29":{"start":{"line":103,"column":18},"end":{"line":103,"column":44}},"30":{"start":{"line":105,"column":2},"end":{"line":111,"column":3}},"31":{"start":{"line":106,"column":4},"end":{"line":108,"column":null}},"32":{"start":{"line":110,"column":4},"end":{"line":110,"column":10}},"33":{"start":{"line":114,"column":2},"end":{"line":114,"column":58}},"34":{"start":{"line":115,"column":2},"end":{"line":115,"column":23}},"35":{"start":{"line":117,"column":2},"end":{"line":117,"column":30}},"36":{"start":{"line":100,"column":13},"end":{"line":100,"column":34}},"37":{"start":{"line":122,"column":29},"end":{"line":137,"column":1}},"38":{"start":{"line":124,"column":17},"end":{"line":124,"column":27}},"39":{"start":{"line":125,"column":18},"end":{"line":125,"column":44}},"40":{"start":{"line":127,"column":2},"end":{"line":133,"column":3}},"41":{"start":{"line":128,"column":4},"end":{"line":130,"column":7}},"42":{"start":{"line":132,"column":4},"end":{"line":132,"column":11}},"43":{"start":{"line":135,"column":2},"end":{"line":135,"column":null}},"44":{"start":{"line":136,"column":2},"end":{"line":136,"column":null}},"45":{"start":{"line":122,"column":13},"end":{"line":122,"column":29}}},"fnMap":{"0":{"name":"(anonymous_1)","decl":{"start":{"line":7,"column":26},"end":{"line":7,"column":31}},"loc":{"start":{"line":7,"column":64},"end":{"line":23,"column":1}}},"1":{"name":"(anonymous_2)","decl":{"start":{"line":26,"column":30},"end":{"line":26,"column":35}},"loc":{"start":{"line":26,"column":68},"end":{"line":56,"column":1}}},"2":{"name":"(anonymous_3)","decl":{"start":{"line":59,"column":29},"end":{"line":59,"column":34}},"loc":{"start":{"line":59,"column":67},"end":{"line":75,"column":1}}},"3":{"name":"(anonymous_4)","decl":{"start":{"line":79,"column":29},"end":{"line":79,"column":34}},"loc":{"start":{"line":79,"column":67},"end":{"line":97,"column":1}}},"4":{"name":"(anonymous_5)","decl":{"start":{"line":100,"column":34},"end":{"line":100,"column":39}},"loc":{"start":{"line":100,"column":72},"end":{"line":118,"column":1}}},"5":{"name":"(anonymous_6)","decl":{"start":{"line":122,"column":29},"end":{"line":122,"column":34}},"loc":{"start":{"line":122,"column":67},"end":{"line":137,"column":1}}}},"branchMap":{"0":{"loc":{"start":{"line":47,"column":4},"end":{"line":53,"column":5}},"type":"if","locations":[{"start":{"line":47,"column":4},"end":{"line":53,"column":5}},{"start":{},"end":{}}]},"1":{"loc":{"start":{"line":84,"column":2},"end":{"line":90,"column":3}},"type":"if","locations":[{"start":{"line":84,"column":2},"end":{"line":90,"column":3}},{"start":{},"end":{}}]},"2":{"loc":{"start":{"line":105,"column":2},"end":{"line":111,"column":3}},"type":"if","locations":[{"start":{"line":105,"column":2},"end":{"line":111,"column":3}},{"start":{},"end":{}}]},"3":{"loc":{"start":{"line":127,"column":2},"end":{"line":133,"column":3}},"type":"if","locations":[{"start":{"line":127,"column":2},"end":{"line":133,"column":3}},{"start":{},"end":{}}]}},"s":{"0":2,"1":2,"2":2,"3":2,"4":2,"5":2,"6":2,"7":2,"8":2,"9":1,"10":1,"11":1,"12":2,"13":2,"14":1,"15":1,"16":2,"17":2,"18":2,"19":2,"20":2,"21":1,"22":1,"23":1,"24":1,"25":1,"26":2,"27":2,"28":2,"29":2,"30":2,"31":1,"32":1,"33":1,"34":1,"35":1,"36":2,"37":2,"38":2,"39":2,"40":2,"41":1,"42":1,"43":1,"44":1,"45":2},"f":{"0":2,"1":2,"2":1,"3":2,"4":2,"5":2},"b":{"0":[1,1],"1":[1,1],"2":[1,1],"3":[1,1]}}
,"C:\\Users\\Renato\\Desktop\\node-project\\src\\middleware\\index.ts": {"path":"C:\\Users\\Renato\\Desktop\\node-project\\src\\middleware\\index.ts","statementMap":{"0":{"start":{"line":2,"column":0},"end":{"line":2,"column":53}},"1":{"start":{"line":4,"column":33},"end":{"line":19,"column":1}},"2":{"start":{"line":10,"column":15},"end":{"line":10,"column":36}},"3":{"start":{"line":13,"column":2},"end":{"line":16,"column":3}},"4":{"start":{"line":14,"column":4},"end":{"line":14,"column":53}},"5":{"start":{"line":15,"column":4},"end":{"line":15,"column":11}},"6":{"start":{"line":18,"column":2},"end":{"line":18,"column":9}},"7":{"start":{"line":4,"column":13},"end":{"line":4,"column":33}}},"fnMap":{"0":{"name":"(anonymous_0)","decl":{"start":{"line":4,"column":33},"end":{"line":4,"column":null}},"loc":{"start":{"line":8,"column":4},"end":{"line":19,"column":1}}}},"branchMap":{"0":{"loc":{"start":{"line":13,"column":2},"end":{"line":16,"column":3}},"type":"if","locations":[{"start":{"line":13,"column":2},"end":{"line":16,"column":3}},{"start":{},"end":{}}]}},"s":{"0":2,"1":2,"2":17,"3":17,"4":8,"5":8,"6":9,"7":2},"f":{"0":17},"b":{"0":[8,9]}}
,"C:\\Users\\Renato\\Desktop\\node-project\\src\\models\\Product.model.ts": {"path":"C:\\Users\\Renato\\Desktop\\node-project\\src\\models\\Product.model.ts","statementMap":{"0":{"start":{"line":1,"column":0},"end":{"line":1,"column":79}},"1":{"start":{"line":6,"column":0},"end":{"line":22,"column":null}},"2":{"start":{"line":10,"column":10},"end":{"line":10,"column":null}},"3":{"start":{"line":15,"column":10},"end":{"line":15,"column":null}},"4":{"start":{"line":21,"column":10},"end":{"line":21,"column":null}},"5":{"start":{"line":6,"column":6},"end":{"line":22,"column":null}},"6":{"start":{"line":24,"column":0},"end":{"line":24,"column":23}}},"fnMap":{},"branchMap":{},"s":{"0":3,"1":3,"2":3,"3":3,"4":3,"5":3,"6":3},"f":{},"b":{}}
}
