TN:
SF:src\router.ts
FN:42,(anonymous_0)
FN:63,(anonymous_1)
FNF:2
FNH:2
FNDA:4,(anonymous_0)
FNDA:5,(anonymous_1)
DA:1,2
DA:2,2
DA:3,2
DA:11,2
DA:13,2
DA:16,2
DA:19,2
DA:30,2
DA:42,4
DA:51,2
DA:63,5
DA:75,2
DA:83,2
DA:88,2
LF:14
LH:14
BRF:0
BRH:0
end_of_record
TN:
SF:src\server.ts
FN:7,connectDB
FN:28,(anonymous_2)
FNF:2
FNH:2
FNDA:3,connectDB
FNDA:1,(anonymous_2)
DA:1,2
DA:2,2
DA:3,2
DA:4,2
DA:7,2
DA:8,3
DA:9,3
DA:10,2
DA:14,1
DA:18,2
DA:21,2
DA:24,2
DA:26,2
DA:28,2
DA:29,1
DA:32,2
LF:16
LH:16
BRF:0
BRH:0
end_of_record
TN:
SF:src\config\db.ts
FNF:0
FNH:0
DA:1,2
DA:2,2
DA:5,2
DA:8,2
DA:15,2
LF:5
LH:5
BRF:0
BRH:0
end_of_record
TN:
SF:src\handlers\product.ts
FN:7,(anonymous_1)
FN:26,(anonymous_2)
FN:59,(anonymous_3)
FN:79,(anonymous_4)
FN:100,(anonymous_5)
FN:122,(anonymous_6)
FNF:6
FNH:6
FNDA:2,(anonymous_1)
FNDA:2,(anonymous_2)
FNDA:1,(anonymous_3)
FNDA:2,(anonymous_4)
FNDA:2,(anonymous_5)
FNDA:2,(anonymous_6)
DA:3,2
DA:7,2
DA:18,2
DA:22,2
DA:26,2
DA:44,2
DA:45,2
DA:47,2
DA:48,1
DA:52,1
DA:55,1
DA:59,2
DA:71,1
DA:73,1
DA:79,2
DA:81,2
DA:82,2
DA:84,2
DA:85,1
DA:89,1
DA:93,1
DA:94,1
DA:96,1
DA:100,2
DA:102,2
DA:103,2
DA:105,2
DA:106,1
DA:110,1
DA:114,1
DA:115,1
DA:117,1
DA:122,2
DA:124,2
DA:125,2
DA:127,2
DA:128,1
DA:132,1
DA:135,1
DA:136,1
LF:40
LH:40
BRDA:47,0,0,1
BRDA:47,0,1,1
BRDA:84,1,0,1
BRDA:84,1,1,1
BRDA:105,2,0,1
BRDA:105,2,1,1
BRDA:127,3,0,1
BRDA:127,3,1,1
BRF:8
BRH:8
end_of_record
TN:
SF:src\middleware\index.ts
FN:4,(anonymous_0)
FNF:1
FNH:1
FNDA:17,(anonymous_0)
DA:2,2
DA:4,2
DA:10,17
DA:13,17
DA:14,8
DA:15,8
DA:18,9
LF:7
LH:7
BRDA:13,0,0,8
BRDA:13,0,1,9
BRF:2
BRH:2
end_of_record
TN:
SF:src\models\Product.model.ts
FNF:0
FNH:0
DA:1,3
DA:6,3
DA:10,3
DA:15,3
DA:21,3
DA:24,3
LF:6
LH:6
BRF:0
BRH:0
end_of_record
